<?xml version="1.0" encoding="UTF-8"?>
<testng-results ignored="0" total="2" passed="1" failed="1" skipped="0">
  <reporter-output>
    <line>
      <![CDATA[Reading url from property file]]>
    </line>
    <line>
      <![CDATA[Launching browser]]>
    </line>
    <line>
      <![CDATA[Waiting for 5000ms]]>
    </line>
    <line>
      <![CDATA[Clicking on Sign In button]]>
    </line>
    <line>
      <![CDATA[Reading mobileNumber from property file]]>
    </line>
    <line>
      <![CDATA[Waiting for 5000ms]]>
    </line>
    <line>
      <![CDATA[Entering mobileNumber]]>
    </line>
    <line>
      <![CDATA[Waiting for 5000ms]]>
    </line>
    <line>
      <![CDATA[clicking on signIn Button]]>
    </line>
    <line>
      <![CDATA[Waiting for 5000ms]]>
    </line>
    <line>
      <![CDATA[Reading password from property file]]>
    </line>
    <line>
      <![CDATA[Waiting for 5000ms]]>
    </line>
    <line>
      <![CDATA[Entering password]]>
    </line>
    <line>
      <![CDATA[Waiting for 5000ms]]>
    </line>
    <line>
      <![CDATA[clicking on submit Button]]>
    </line>
    <line>
      <![CDATA[Waiting for 5000ms]]>
    </line>
    <line>
      <![CDATA[Handeling popup]]>
    </line>
    <line>
      <![CDATA[clicking on ok button of PopUp]]>
    </line>
    <line>
      <![CDATA[Waiting for 5000ms]]>
    </line>
    <line>
      <![CDATA[clicking on close button of popup]]>
    </line>
    <line>
      <![CDATA[Waiting for 5000ms]]>
    </line>
    <line>
      <![CDATA[getting actual user name]]>
    </line>
    <line>
      <![CDATA[Actual user name is Rutuja Pawar]]>
    </line>
    <line>
      <![CDATA[Reading userName from property file]]>
    </line>
    <line>
      <![CDATA[Tc validateUserId is completed successfuly ]]>
    </line>
    <line>
      <![CDATA[Waiting for 5000ms]]>
    </line>
    <line>
      <![CDATA[Waiting for 5000ms]]>
    </line>
    <line>
      <![CDATA[logging out]]>
    </line>
    <line>
      <![CDATA[Waiting for 5000ms]]>
    </line>
    <line>
      <![CDATA[Clicking on Sign In button]]>
    </line>
    <line>
      <![CDATA[Reading mobileNumber from property file]]>
    </line>
    <line>
      <![CDATA[Waiting for 5000ms]]>
    </line>
    <line>
      <![CDATA[Entering mobileNumber]]>
    </line>
    <line>
      <![CDATA[Waiting for 5000ms]]>
    </line>
    <line>
      <![CDATA[clicking on signIn Button]]>
    </line>
    <line>
      <![CDATA[Waiting for 5000ms]]>
    </line>
    <line>
      <![CDATA[Reading password from property file]]>
    </line>
    <line>
      <![CDATA[Waiting for 5000ms]]>
    </line>
    <line>
      <![CDATA[Entering password]]>
    </line>
    <line>
      <![CDATA[Waiting for 5000ms]]>
    </line>
    <line>
      <![CDATA[clicking on submit Button]]>
    </line>
    <line>
      <![CDATA[there is no popup]]>
    </line>
    <line>
      <![CDATA[Waiting for 5000ms]]>
    </line>
    <line>
      <![CDATA[getting accBalance]]>
    </line>
    <line>
      <![CDATA[Account Balance isRs.5,00,000.00]]>
    </line>
    <line>
      <![CDATA[Tc validateAccBalance is failed ]]>
    </line>
    <line>
      <![CDATA[Waiting for 5000ms]]>
    </line>
    <line>
      <![CDATA[taking screenshot]]>
    </line>
    <line>
      <![CDATA[Waiting for 5000ms]]>
    </line>
    <line>
      <![CDATA[Waiting for 5000ms]]>
    </line>
    <line>
      <![CDATA[logging out]]>
    </line>
    <line>
      <![CDATA[closing browser]]>
    </line>
  </reporter-output>
  <suite started-at="2022-12-02T22:53:36 IST" name="Default suite" finished-at="2022-12-02T22:57:11 IST" duration-ms="214785">
    <groups>
    </groups>
    <test started-at="2022-12-02T22:53:36 IST" name="Default test" finished-at="2022-12-02T22:57:11 IST" duration-ms="214785">
      <class name="neoStoxTest.validateNeoStoxAccBalance3">
        <test-method is-config="true" signature="launchNeoStox()[pri:0, instance:neoStoxTest.validateNeoStoxAccBalance3@23c30a20]" started-at="2022-12-02T22:53:36 IST" name="launchNeoStox" finished-at="2022-12-02T22:54:07 IST" duration-ms="30901" status="PASS">
          <reporter-output>
            <line>
              <![CDATA[Reading url from property file]]>
            </line>
            <line>
              <![CDATA[Launching browser]]>
            </line>
          </reporter-output>
        </test-method> <!-- launchNeoStox -->
        <test-method is-config="true" signature="logintoNeoStox()[pri:0, instance:neoStoxTest.validateNeoStoxAccBalance3@23c30a20]" started-at="2022-12-02T22:54:07 IST" name="logintoNeoStox" finished-at="2022-12-02T22:56:37 IST" duration-ms="149886" status="PASS">
          <reporter-output>
            <line>
              <![CDATA[Waiting for 5000ms]]>
            </line>
            <line>
              <![CDATA[Clicking on Sign In button]]>
            </line>
            <line>
              <![CDATA[Reading mobileNumber from property file]]>
            </line>
            <line>
              <![CDATA[Waiting for 5000ms]]>
            </line>
            <line>
              <![CDATA[Entering mobileNumber]]>
            </line>
            <line>
              <![CDATA[Waiting for 5000ms]]>
            </line>
            <line>
              <![CDATA[clicking on signIn Button]]>
            </line>
            <line>
              <![CDATA[Waiting for 5000ms]]>
            </line>
            <line>
              <![CDATA[Reading password from property file]]>
            </line>
            <line>
              <![CDATA[Waiting for 5000ms]]>
            </line>
            <line>
              <![CDATA[Entering password]]>
            </line>
            <line>
              <![CDATA[Waiting for 5000ms]]>
            </line>
            <line>
              <![CDATA[clicking on submit Button]]>
            </line>
            <line>
              <![CDATA[Waiting for 5000ms]]>
            </line>
            <line>
              <![CDATA[Handeling popup]]>
            </line>
            <line>
              <![CDATA[clicking on ok button of PopUp]]>
            </line>
            <line>
              <![CDATA[Waiting for 5000ms]]>
            </line>
            <line>
              <![CDATA[clicking on close button of popup]]>
            </line>
          </reporter-output>
        </test-method> <!-- logintoNeoStox -->
        <test-method signature="validateUserId()[pri:-1, instance:neoStoxTest.validateNeoStoxAccBalance3@23c30a20]" started-at="2022-12-02T22:56:37 IST" name="validateUserId" finished-at="2022-12-02T22:56:37 IST" duration-ms="68" status="PASS">
          <reporter-output>
            <line>
              <![CDATA[Waiting for 5000ms]]>
            </line>
            <line>
              <![CDATA[getting actual user name]]>
            </line>
            <line>
              <![CDATA[Actual user name is Rutuja Pawar]]>
            </line>
            <line>
              <![CDATA[Reading userName from property file]]>
            </line>
            <line>
              <![CDATA[Tc validateUserId is completed successfuly ]]>
            </line>
          </reporter-output>
        </test-method> <!-- validateUserId -->
        <test-method is-config="true" signature="logOutFromNeoStox()[pri:0, instance:neoStoxTest.validateNeoStoxAccBalance3@23c30a20]" started-at="2022-12-02T22:56:37 IST" name="logOutFromNeoStox" finished-at="2022-12-02T22:56:38 IST" duration-ms="151" status="PASS">
          <reporter-output>
            <line>
              <![CDATA[Waiting for 5000ms]]>
            </line>
            <line>
              <![CDATA[Waiting for 5000ms]]>
            </line>
            <line>
              <![CDATA[logging out]]>
            </line>
          </reporter-output>
        </test-method> <!-- logOutFromNeoStox -->
        <test-method is-config="true" signature="logintoNeoStox()[pri:0, instance:neoStoxTest.validateNeoStoxAccBalance3@23c30a20]" started-at="2022-12-02T22:56:38 IST" name="logintoNeoStox" finished-at="2022-12-02T22:57:10 IST" duration-ms="32692" status="PASS">
          <reporter-output>
            <line>
              <![CDATA[Waiting for 5000ms]]>
            </line>
            <line>
              <![CDATA[Clicking on Sign In button]]>
            </line>
            <line>
              <![CDATA[Reading mobileNumber from property file]]>
            </line>
            <line>
              <![CDATA[Waiting for 5000ms]]>
            </line>
            <line>
              <![CDATA[Entering mobileNumber]]>
            </line>
            <line>
              <![CDATA[Waiting for 5000ms]]>
            </line>
            <line>
              <![CDATA[clicking on signIn Button]]>
            </line>
            <line>
              <![CDATA[Waiting for 5000ms]]>
            </line>
            <line>
              <![CDATA[Reading password from property file]]>
            </line>
            <line>
              <![CDATA[Waiting for 5000ms]]>
            </line>
            <line>
              <![CDATA[Entering password]]>
            </line>
            <line>
              <![CDATA[Waiting for 5000ms]]>
            </line>
            <line>
              <![CDATA[clicking on submit Button]]>
            </line>
            <line>
              <![CDATA[there is no popup]]>
            </line>
          </reporter-output>
        </test-method> <!-- logintoNeoStox -->
        <test-method signature="validateAccBalance()[pri:0, instance:neoStoxTest.validateNeoStoxAccBalance3@23c30a20]" started-at="2022-12-02T22:57:10 IST" name="validateAccBalance" finished-at="2022-12-02T22:57:10 IST" duration-ms="45" status="FAIL">
          <exception class="java.lang.AssertionError">
            <message>
              <![CDATA[null]]>
            </message>
            <full-stacktrace>
              <![CDATA[java.lang.AssertionError: null
at org.testng.Assert.fail(Assert.java:99)
at org.testng.Assert.fail(Assert.java:106)
at neoStoxTest.validateNeoStoxAccBalance3.validateAccBalance(validateNeoStoxAccBalance3.java:61)
at java.base/jdk.internal.reflect.NativeMethodAccessorImpl.invoke0(Native Method)
at java.base/jdk.internal.reflect.NativeMethodAccessorImpl.invoke(NativeMethodAccessorImpl.java:62)
at java.base/jdk.internal.reflect.DelegatingMethodAccessorImpl.invoke(DelegatingMethodAccessorImpl.java:43)
at java.base/java.lang.reflect.Method.invoke(Method.java:566)
at org.testng.internal.MethodInvocationHelper.invokeMethod(MethodInvocationHelper.java:133)
at org.testng.internal.TestInvoker.invokeMethod(TestInvoker.java:598)
at org.testng.internal.TestInvoker.invokeTestMethod(TestInvoker.java:173)
at org.testng.internal.MethodRunner.runInSequence(MethodRunner.java:46)
at org.testng.internal.TestInvoker$MethodInvocationAgent.invoke(TestInvoker.java:824)
at org.testng.internal.TestInvoker.invokeTestMethods(TestInvoker.java:146)
at org.testng.internal.TestMethodWorker.invokeTestMethods(TestMethodWorker.java:146)
at org.testng.internal.TestMethodWorker.run(TestMethodWorker.java:128)
at java.base/java.util.ArrayList.forEach(ArrayList.java:1541)
at org.testng.TestRunner.privateRun(TestRunner.java:794)
at org.testng.TestRunner.run(TestRunner.java:596)
at org.testng.SuiteRunner.runTest(SuiteRunner.java:377)
at org.testng.SuiteRunner.runSequentially(SuiteRunner.java:371)
at org.testng.SuiteRunner.privateRun(SuiteRunner.java:332)
at org.testng.SuiteRunner.run(SuiteRunner.java:276)
at org.testng.SuiteRunnerWorker.runSuite(SuiteRunnerWorker.java:53)
at org.testng.SuiteRunnerWorker.run(SuiteRunnerWorker.java:96)
at org.testng.TestNG.runSuitesSequentially(TestNG.java:1212)
at org.testng.TestNG.runSuitesLocally(TestNG.java:1134)
at org.testng.TestNG.runSuites(TestNG.java:1063)
at org.testng.TestNG.run(TestNG.java:1031)
at org.testng.remote.AbstractRemoteTestNG.run(AbstractRemoteTestNG.java:115)
at org.testng.remote.RemoteTestNG.initAndRun(RemoteTestNG.java:251)
at org.testng.remote.RemoteTestNG.main(RemoteTestNG.java:77)
]]>
            </full-stacktrace>
          </exception> <!-- java.lang.AssertionError -->
          <reporter-output>
            <line>
              <![CDATA[Waiting for 5000ms]]>
            </line>
            <line>
              <![CDATA[getting accBalance]]>
            </line>
            <line>
              <![CDATA[Account Balance isRs.5,00,000.00]]>
            </line>
            <line>
              <![CDATA[Tc validateAccBalance is failed ]]>
            </line>
            <line>
              <![CDATA[Waiting for 5000ms]]>
            </line>
            <line>
              <![CDATA[taking screenshot]]>
            </line>
          </reporter-output>
        </test-method> <!-- validateAccBalance -->
        <test-method is-config="true" signature="logOutFromNeoStox()[pri:0, instance:neoStoxTest.validateNeoStoxAccBalance3@23c30a20]" started-at="2022-12-02T22:57:11 IST" name="logOutFromNeoStox" finished-at="2022-12-02T22:57:11 IST" duration-ms="418" status="PASS">
          <reporter-output>
            <line>
              <![CDATA[Waiting for 5000ms]]>
            </line>
            <line>
              <![CDATA[Waiting for 5000ms]]>
            </line>
            <line>
              <![CDATA[logging out]]>
            </line>
          </reporter-output>
        </test-method> <!-- logOutFromNeoStox -->
        <test-method is-config="true" signature="closeBrowser()[pri:0, instance:neoStoxTest.validateNeoStoxAccBalance3@23c30a20]" started-at="2022-12-02T22:57:11 IST" name="closeBrowser" finished-at="2022-12-02T22:57:11 IST" duration-ms="330" status="PASS">
          <reporter-output>
            <line>
              <![CDATA[closing browser]]>
            </line>
          </reporter-output>
        </test-method> <!-- closeBrowser -->
      </class> <!-- neoStoxTest.validateNeoStoxAccBalance3 -->
    </test> <!-- Default test -->
  </suite> <!-- Default suite -->
</testng-results>
